Using pre-set license
Desktop is 3000 x 1920 @ 60 Hz

 COMMAND LINE ARGUMENTS:
Unity
-adb2
-batchMode
-noUpm
-name
AssetImportWorker0
-projectPath
/home/csteed/Documents/Unity projects/Game-manager---sns
-logFile
Logs/AssetImportWorker0.log
-srvPort
45727
Successfully changed project path to: /home/csteed/Documents/Unity projects/Game-manager---sns
/home/csteed/Documents/Unity projects/Game-manager---sns
Using Asset Import Pipeline V2.
Refreshing native plugins compatible for Editor in 29.59 ms, found 0 plugins.
Preloading 0 native plugins for Editor in 0.00 ms.
Initialize engine version: 2020.2.1f1 (270dd8c3da1c)
[Subsystems] Discovering subsystems at path /home/csteed/Unity/Hub/Editor/2020.2.1f1/Editor/Data/Resources/UnitySubsystems
[Subsystems] Discovering subsystems at path /home/csteed/Documents/Unity projects/Game-manager---sns/Assets
GLX Extensions: GLX_EXT_visual_info GLX_EXT_visual_rating GLX_EXT_import_context GLX_SGIX_fbconfig GLX_SGIX_pbuffer GLX_SGI_video_sync GLX_SGI_swap_control GLX_EXT_swap_control GLX_EXT_swap_control_tear GLX_EXT_texture_from_pixmap GLX_EXT_buffer_age GLX_ARB_create_context GLX_ARB_create_context_profile GLX_EXT_create_context_es_profile GLX_EXT_create_context_es2_profile GLX_ARB_create_context_no_error GLX_ARB_create_context_robustness GLX_NV_delay_before_swap GLX_EXT_stereo_tree GLX_ARB_context_flush_control GLX_NV_robustness_video_memory_purge GLX_NV_multigpu_context GLX_ARB_multisample GLX_NV_float_buffer GLX_ARB_fbconfig_float GLX_EXT_framebuffer_sRGB GLX_NV_copy_image GLX_ARB_get_proc_address 
Renderer: GeForce GTX 1050 Ti/PCIe/SSE2
Vendor:   NVIDIA Corporation
Version:  4.5.0 NVIDIA 450.102.04
GLES:     0
 GL_AMD_multi_draw_indirect GL_AMD_seamless_cubemap_per_texture GL_AMD_vertex_shader_viewport_index GL_AMD_vertex_shader_layer GL_ARB_arrays_of_arrays GL_ARB_base_instance GL_ARB_bindless_texture GL_ARB_blend_func_extended GL_ARB_buffer_storage GL_ARB_clear_buffer_object GL_ARB_clear_texture GL_ARB_clip_control GL_ARB_color_buffer_float GL_ARB_compressed_texture_pixel_storage GL_ARB_conservative_depth GL_ARB_compute_shader GL_ARB_compute_variable_group_size GL_ARB_conditional_render_inverted GL_ARB_copy_buffer GL_ARB_copy_image GL_ARB_cull_distance GL_ARB_debug_output GL_ARB_depth_buffer_float GL_ARB_depth_clamp GL_ARB_depth_texture GL_ARB_derivative_control GL_ARB_direct_state_access GL_ARB_draw_buffers GL_ARB_draw_buffers_blend GL_ARB_draw_indirect GL_ARB_draw_elements_base_vertex GL_ARB_draw_instanced GL_ARB_enhanced_layouts GL_ARB_ES2_compatibility GL_ARB_ES3_compatibility GL_ARB_ES3_1_compatibility GL_ARB_ES3_2_compatibility GL_ARB_explicit_attrib_location GL_ARB_explicit_uniform_location GL_ARB_fragmen
t_coord_conventions GL_ARB_fragment_layer_viewport GL_ARB_fragment_program GL_ARB_fragment_program_shadow GL_ARB_fragment_shader GL_ARB_fragment_shader_interlock GL_ARB_framebuffer_no_attachments GL_ARB_framebuffer_object GL_ARB_framebuffer_sRGB GL_ARB_geometry_shader4 GL_ARB_get_program_binary GL_ARB_get_texture_sub_image GL_ARB_gl_spirv GL_ARB_gpu_shader5 GL_ARB_gpu_shader_fp64 GL_ARB_gpu_shader_int64 GL_ARB_half_float_pixel GL_ARB_half_float_vertex GL_ARB_imaging GL_ARB_indirect_parameters GL_ARB_instanced_arrays GL_ARB_internalformat_query GL_ARB_internalformat_query2 GL_ARB_invalidate_subdata GL_ARB_map_buffer_alignment GL_ARB_map_buffer_range GL_ARB_multi_bind GL_ARB_multi_draw_indirect GL_ARB_multisample GL_ARB_multitexture GL_ARB_occlusion_query GL_ARB_occlusion_query2 GL_ARB_parallel_shader_compile GL_ARB_pipeline_statistics_query GL_ARB_pixel_buffer_object GL_ARB_point_parameters GL_ARB_point_sprite GL_ARB_polygon_offset_clamp GL_ARB_post_depth_coverage GL_ARB_program_interface_query GL_ARB_provoki
ng_vertex GL_ARB_query_buffer_object GL_ARB_robust_buffer_access_behavior GL_ARB_robustness GL_ARB_sample_locations GL_ARB_sample_shading GL_ARB_sampler_objects GL_ARB_seamless_cube_map GL_ARB_seamless_cubemap_per_texture GL_ARB_separate_shader_objects GL_ARB_shader_atomic_counter_ops GL_ARB_shader_atomic_counters GL_ARB_shader_ballot GL_ARB_shader_bit_encoding GL_ARB_shader_clock GL_ARB_shader_draw_parameters GL_ARB_shader_group_vote GL_ARB_shader_image_load_store GL_ARB_shader_image_size GL_ARB_shader_objects GL_ARB_shader_precision GL_ARB_shader_storage_buffer_object GL_ARB_shader_subroutine GL_ARB_shader_texture_image_samples GL_ARB_shader_texture_lod GL_ARB_shading_language_100 GL_ARB_shader_viewport_layer_array GL_ARB_shading_language_420pack GL_ARB_shading_language_include GL_ARB_shading_language_packing GL_ARB_shadow GL_ARB_sparse_buffer GL_ARB_sparse_texture GL_ARB_sparse_texture2 GL_ARB_sparse_texture_clamp GL_ARB_spirv_extensions GL_ARB_stencil_texturing GL_ARB_sync GL_ARB_tessellation_shader GL_A
RB_texture_barrier GL_ARB_texture_border_clamp GL_ARB_texture_buffer_object GL_ARB_texture_buffer_object_rgb32 GL_ARB_texture_buffer_range GL_ARB_texture_compression GL_ARB_texture_compression_bptc GL_ARB_texture_compression_rgtc GL_ARB_texture_cube_map GL_ARB_texture_cube_map_array GL_ARB_texture_env_add GL_ARB_texture_env_combine GL_ARB_texture_env_crossbar GL_ARB_texture_env_dot3 GL_ARB_texture_filter_anisotropic GL_ARB_texture_filter_minmax GL_ARB_texture_float GL_ARB_texture_gather GL_ARB_texture_mirror_clamp_to_edge GL_ARB_texture_mirrored_repeat GL_ARB_texture_multisample GL_ARB_texture_non_power_of_two GL_ARB_texture_query_levels GL_ARB_texture_query_lod GL_ARB_texture_rectangle GL_ARB_texture_rg GL_ARB_texture_rgb10_a2ui GL_ARB_texture_stencil8 GL_ARB_texture_storage GL_ARB_texture_storage_multisample GL_ARB_texture_swizzle GL_ARB_texture_view GL_ARB_timer_query GL_ARB_transform_feedback2 GL_ARB_transform_feedback3 GL_ARB_transform_feedback_instanced GL_ARB_transform_feedback_overflow_query GL_ARB_t
ranspose_matrix GL_ARB_uniform_buffer_object GL_ARB_vertex_array_bgra GL_ARB_vertex_array_object GL_ARB_vertex_attrib_64bit GL_ARB_vertex_attrib_binding GL_ARB_vertex_buffer_object GL_ARB_vertex_program GL_ARB_vertex_shader GL_ARB_vertex_type_10f_11f_11f_rev GL_ARB_vertex_type_2_10_10_10_rev GL_ARB_viewport_array GL_ARB_window_pos GL_ATI_draw_buffers GL_ATI_texture_float GL_ATI_texture_mirror_once GL_S3_s3tc GL_EXT_texture_env_add GL_EXT_abgr GL_EXT_bgra GL_EXT_bindable_uniform GL_EXT_blend_color GL_EXT_blend_equation_separate GL_EXT_blend_func_separate GL_EXT_blend_minmax GL_EXT_blend_subtract GL_EXT_compiled_vertex_array GL_EXT_Cg_shader GL_EXT_depth_bounds_test GL_EXT_direct_state_access GL_EXT_draw_buffers2 GL_EXT_draw_instanced GL_EXT_draw_range_elements GL_EXT_fog_coord GL_EXT_framebuffer_blit GL_EXT_framebuffer_multisample GL_EXTX_framebuffer_mixed_formats GL_EXT_framebuffer_multisample_blit_scaled GL_EXT_framebuffer_object GL_EXT_framebuffer_sRGB GL_EXT_geometry_shader4 GL_EXT_gpu_program_parameters 
GL_EXT_gpu_shader4 GL_EXT_multi_draw_arrays GL_EXT_multiview_texture_multisample GL_EXT_multiview_timer_query GL_EXT_packed_depth_stencil GL_EXT_packed_float GL_EXT_packed_pixels GL_EXT_pixel_buffer_object GL_EXT_point_parameters GL_EXT_polygon_offset_clamp GL_EXT_post_depth_coverage GL_EXT_provoking_vertex GL_EXT_raster_multisample GL_EXT_rescale_normal GL_EXT_secondary_color GL_EXT_separate_shader_objects GL_EXT_separate_specular_color GL_EXT_shader_image_load_formatted GL_EXT_shader_image_load_store GL_EXT_shader_integer_mix GL_EXT_shadow_funcs GL_EXT_sparse_texture2 GL_EXT_stencil_two_side GL_EXT_stencil_wrap GL_EXT_texture3D GL_EXT_texture_array GL_EXT_texture_buffer_object GL_EXT_texture_compression_dxt1 GL_EXT_texture_compression_latc GL_EXT_texture_compression_rgtc GL_EXT_texture_compression_s3tc GL_EXT_texture_cube_map GL_EXT_texture_edge_clamp GL_EXT_texture_env_combine GL_EXT_texture_env_dot3 GL_EXT_texture_filter_anisotropic GL_EXT_texture_filter_minmax GL_EXT_texture_integer GL_EXT_texture_lod G
L_EXT_texture_lod_bias GL_EXT_texture_mirror_clamp GL_EXT_texture_object GL_EXT_texture_shadow_lod GL_EXT_texture_shared_exponent GL_EXT_texture_sRGB GL_EXT_texture_sRGB_R8 GL_EXT_texture_sRGB_decode GL_EXT_texture_storage GL_EXT_texture_swizzle GL_EXT_timer_query GL_EXT_transform_feedback2 GL_EXT_vertex_array GL_EXT_vertex_array_bgra GL_EXT_vertex_attrib_64bit GL_EXT_window_rectangles GL_EXT_x11_sync_object GL_EXT_import_sync_object GL_NV_robustness_video_memory_purge GL_IBM_rasterpos_clip GL_IBM_texture_mirrored_repeat GL_KHR_context_flush_control GL_KHR_debug GL_EXT_memory_object GL_EXT_memory_object_fd GL_KHR_parallel_shader_compile GL_KHR_no_error GL_KHR_robust_buffer_access_behavior GL_KHR_robustness GL_EXT_semaphore GL_EXT_semaphore_fd GL_KHR_shader_subgroup GL_KTX_buffer_region GL_NV_alpha_to_coverage_dither_control GL_NV_bindless_multi_draw_indirect GL_NV_bindless_multi_draw_indirect_count GL_NV_bindless_texture GL_NV_blend_equation_advanced GL_NV_blend_equation_advanced_coherent GL_NVX_blend_equati
on_advanced_multi_draw_buffers GL_NV_blend_minmax_factor GL_NV_blend_square GL_NV_clip_space_w_scaling GL_NV_command_list GL_NV_compute_program5 GL_NV_conditional_render GL_NV_conservative_raster GL_NV_conservative_raster_dilate GL_NV_conservative_raster_pre_snap_triangles GL_NV_copy_depth_to_color GL_NV_copy_image GL_NV_depth_buffer_float GL_NV_depth_clamp GL_NV_draw_texture GL_NV_draw_vulkan_image GL_NV_ES1_1_compatibility GL_NV_ES3_1_compatibility GL_NV_explicit_multisample GL_NV_feature_query GL_NV_fence GL_NV_fill_rectangle GL_NV_float_buffer GL_NV_fog_distance GL_NV_fragment_coverage_to_color GL_NV_fragment_program GL_NV_fragment_program_option GL_NV_fragment_program2 GL_NV_fragment_shader_interlock GL_NV_framebuffer_mixed_samples GL_NV_framebuffer_multisample_coverage GL_NV_geometry_shader4 GL_NV_geometry_shader_passthrough GL_NV_gpu_program4 GL_NV_internalformat_sample_query GL_NV_gpu_program4_1 GL_NV_gpu_program5 GL_NV_gpu_program5_mem_extended GL_NV_gpu_program_fp64 GL_NV_gpu_shader5 GL_NV_half_flo
at GL_NV_light_max_exponent GL_NV_memory_attachment GL_NV_multisample_coverage GL_NV_multisample_filter_hint GL_NV_occlusion_query GL_NV_packed_depth_stencil GL_NV_parameter_buffer_object GL_NV_parameter_buffer_object2 GL_NV_path_rendering GL_NV_path_rendering_shared_edge GL_NV_pixel_data_range GL_NV_point_sprite GL_NV_primitive_restart GL_NV_query_resource GL_NV_query_resource_tag GL_NV_register_combiners GL_NV_register_combiners2 GL_NV_sample_locations GL_NV_sample_mask_override_coverage GL_NV_shader_atomic_counters GL_NV_shader_atomic_float GL_NV_shader_atomic_float64 GL_NV_shader_atomic_fp16_vector GL_NV_shader_atomic_int64 GL_NV_shader_buffer_load GL_NV_shader_storage_buffer_object GL_NV_shader_subgroup_partitioned GL_NV_stereo_view_rendering GL_NV_texgen_reflection GL_NV_texture_barrier GL_NV_texture_compression_vtc GL_NV_texture_env_combine4 GL_NV_texture_multisample GL_NV_texture_rectangle GL_NV_texture_rectangle_compressed GL_NV_texture_shader GL_NV_texture_shader2 GL_NV_texture_shader3 GL_NV_transf
orm_feedback GL_NV_transform_feedback2 GL_NV_uniform_buffer_unified_memory GL_NV_vdpau_interop GL_NV_vdpau_interop2 GL_NV_vertex_array_range GL_NV_vertex_array_range2 GL_NV_vertex_attrib_integer_64bit GL_NV_vertex_buffer_unified_memory GL_NV_vertex_program GL_NV_vertex_program1_1 GL_NV_vertex_program2 GL_NV_vertex_program2_option GL_NV_vertex_program3 GL_NV_viewport_array2 GL_NV_viewport_swizzle GL_NVX_conditional_render GL_NV_gpu_multicast GL_NVX_progress_fence GL_NVX_gpu_memory_info GL_NVX_nvenc_interop GL_NV_shader_thread_group GL_NV_shader_thread_shuffle GL_KHR_blend_equation_advanced GL_KHR_blend_equation_advanced_coherent GL_OVR_multiview GL_OVR_multiview2 GL_SGIS_generate_mipmap GL_SGIS_texture_lod GL_SGIX_depth_texture GL_SGIX_shadow GL_SUN_slice_accum
OPENGL LOG: Creating OpenGL 4.5 graphics device ; Context level  <OpenGL 4.5> ; Context handle -623394680
Initialize mono
Mono path[0] = '/home/csteed/Unity/Hub/Editor/2020.2.1f1/Editor/Data/Managed'
Mono path[1] = '/home/csteed/Unity/Hub/Editor/2020.2.1f1/Editor/Data/MonoBleedingEdge/lib/mono/unityjit'
Mono config path = '/home/csteed/Unity/Hub/Editor/2020.2.1f1/Editor/Data/MonoBleedingEdge/etc'
Using monoOptions --debugger-agent=transport=dt_socket,embedding=1,server=y,suspend=n,address=127.0.0.1:56379
Begin MonoManager ReloadAssembly
Registering precompiled unity dll's ...
Register platform support module: /home/csteed/Unity/Hub/Editor/2020.2.1f1/Editor/Data/PlaybackEngines/LinuxStandaloneSupport/UnityEditor.LinuxStandalone.Extensions.dll
Registered in 0.001013 seconds.
Native extension for LinuxStandalone target not found
Refreshing native plugins compatible for Editor in 24.60 ms, found 0 plugins.
Preloading 0 native plugins for Editor in 0.00 ms.
Invoked RoslynAnalysisRunner static constructor.
RoslynAnalysisRunner will not be running.
RoslynAnalysisRunner has terminated.
Mono: successfully reloaded assembly
- Completed reload, in  0.683 seconds
Platform modules already initialized, skipping
Registering precompiled user dll's ...
Registered in 0.000384 seconds.
Begin MonoManager ReloadAssembly
Native extension for LinuxStandalone target not found
Refreshing native plugins compatible for Editor in 0.24 ms, found 0 plugins.
Preloading 0 native plugins for Editor in 0.00 ms.
Invoked RoslynAnalysisRunner static constructor.
RoslynAnalysisRunner will not be running.
RoslynAnalysisRunner has terminated.
Mono: successfully reloaded assembly
- Completed reload, in  0.792 seconds
Platform modules already initialized, skipping
========================================================================
Worker process is ready to serve import requests
Launched and connected shader compiler UnityShaderCompiler after 0.01 seconds
Refreshing native plugins compatible for Editor in 0.36 ms, found 0 plugins.
Preloading 0 native plugins for Editor in 0.00 ms.
Unloading 1242 Unused Serialized files (Serialized files now loaded: 0)
System memory in use before: 60.9 MB.
System memory in use after: 61.0 MB.

Unloading 10 unused Assets to reduce memory usage. Loaded Objects now: 1694.
Total: 2.331804 ms (FindLiveObjects: 0.174786 ms CreateObjectMapping: 0.047886 ms MarkObjects: 1.956943 ms  DeleteObjects: 0.136199 ms)

========================================================================
Received Import Request.
  path: Packages/com.unity.ext.nunit
  artifactKey: Guid(25a477c2f24db8778a4179421a32cc21) Importer(815301076,1909f56bfc062723c751e8b465ee728b)
Start importing Packages/com.unity.ext.nunit using Guid(25a477c2f24db8778a4179421a32cc21) Importer(815301076,1909f56bfc062723c751e8b465ee728b)  -> (artifact id: '92e05a9a1944e9e69b178bd4e05f9a5f') in 0.002764 seconds
  Import took 0.004754 seconds .

========================================================================
Received Import Request.
  Time since last request: 0.000223 seconds.
  path: Packages/com.unity.ext.nunit/package.json
  artifactKey: Guid(8143d3a8390f2c64685e3bc272bd9e90) Importer(815301076,1909f56bfc062723c751e8b465ee728b)
Start importing Packages/com.unity.ext.nunit/package.json using Guid(8143d3a8390f2c64685e3bc272bd9e90) Importer(815301076,1909f56bfc062723c751e8b465ee728b)  -> (artifact id: 'a66108e2cd7857592f41b806204c34de') in 0.006747 seconds
  Import took 0.008272 seconds .

========================================================================
Received Import Request.
  Time since last request: 3.149152 seconds.
  path: Assets/Plugins/Editor/ScriptInspector3/ScriptInspector.asmdef
  artifactKey: Guid(46b240ba6ff100649be07bf79579f8ac) Importer(815301076,1909f56bfc062723c751e8b465ee728b)
Start importing Assets/Plugins/Editor/ScriptInspector3/ScriptInspector.asmdef using Guid(46b240ba6ff100649be07bf79579f8ac) Importer(815301076,1909f56bfc062723c751e8b465ee728b)  -> (artifact id: '6aa0d48336f322b6a6011dc05475ba4f') in 0.001097 seconds
  Import took 0.003949 seconds .

========================================================================
Received Import Request.
  Time since last request: 9.036650 seconds.
  path: Assets/Plugins/Editor/ScriptInspector3/EditorResources/CreatedByFlipbookGames.png
  artifactKey: Guid(1d8e77df9008ae049b3f16da2293c69c) Importer(815301076,1909f56bfc062723c751e8b465ee728b)
Start importing Assets/Plugins/Editor/ScriptInspector3/EditorResources/CreatedByFlipbookGames.png using Guid(1d8e77df9008ae049b3f16da2293c69c) Importer(815301076,1909f56bfc062723c751e8b465ee728b)  -> (artifact id: '854a62706c7608d66d54e972c3ea9ec6') in 0.025930 seconds
  Import took 0.028355 seconds .

========================================================================
Received Import Request.
  Time since last request: 0.000225 seconds.
  path: Assets/Plugins/Editor/ScriptInspector3/EditorResources/versionControl.png
  artifactKey: Guid(b16ab0fed455c3d448ef6f04daf796ea) Importer(815301076,1909f56bfc062723c751e8b465ee728b)
Start importing Assets/Plugins/Editor/ScriptInspector3/EditorResources/versionControl.png using Guid(b16ab0fed455c3d448ef6f04daf796ea) Importer(815301076,1909f56bfc062723c751e8b465ee728b)  -> (artifact id: 'cd324e78db08fc0615295335c6ca04a1') in 0.002439 seconds
  Import took 0.003777 seconds .

========================================================================
Received Import Request.
  Time since last request: 0.000212 seconds.
  path: Assets/Plugins/Editor/ScriptInspector3/EditorResources/saveIconBW.png
  artifactKey: Guid(8228a7bccde795f4199badb07f9dd0c7) Importer(815301076,1909f56bfc062723c751e8b465ee728b)
Start importing Assets/Plugins/Editor/ScriptInspector3/EditorResources/saveIconBW.png using Guid(8228a7bccde795f4199badb07f9dd0c7) Importer(815301076,1909f56bfc062723c751e8b465ee728b)  -> (artifact id: '05a061d566cdf7d6032e3f79d5979fbf') in 0.002220 seconds
  Import took 0.003841 seconds .

========================================================================
Received Import Request.
  Time since last request: 0.000217 seconds.
  path: Assets/Plugins/Editor/ScriptInspector3/EditorResources/selectedListItem.png
  artifactKey: Guid(b59603fd38a4cd844a78c7572b7272c2) Importer(815301076,1909f56bfc062723c751e8b465ee728b)
Start importing Assets/Plugins/Editor/ScriptInspector3/EditorResources/selectedListItem.png using Guid(b59603fd38a4cd844a78c7572b7272c2) Importer(815301076,1909f56bfc062723c751e8b465ee728b)  -> (artifact id: '302893f40c41ec76e2e76a497f89d85e') in 0.002648 seconds
  Import took 0.004441 seconds .

========================================================================
Received Import Request.
  Time since last request: 0.000204 seconds.
  path: Assets/Plugins/Editor/ScriptInspector3/EditorResources/downArrowOff.png
  artifactKey: Guid(93f4812d5c8b27c44aaf57e095348d9c) Importer(815301076,1909f56bfc062723c751e8b465ee728b)
Start importing Assets/Plugins/Editor/ScriptInspector3/EditorResources/downArrowOff.png using Guid(93f4812d5c8b27c44aaf57e095348d9c) Importer(815301076,1909f56bfc062723c751e8b465ee728b)  -> (artifact id: 'a6c1462cadbb230bd2b5c0686e6079e8') in 0.003251 seconds
  Import took 0.004727 seconds .

========================================================================
Received Import Request.
  Time since last request: 0.000189 seconds.
  path: Assets/Plugins/Editor/ScriptInspector3/EditorResources/l_wrench.png
  artifactKey: Guid(7f45d29c369fd5745942a47396a6b6ea) Importer(815301076,1909f56bfc062723c751e8b465ee728b)
Start importing Assets/Plugins/Editor/ScriptInspector3/EditorResources/l_wrench.png using Guid(7f45d29c369fd5745942a47396a6b6ea) Importer(815301076,1909f56bfc062723c751e8b465ee728b)  -> (artifact id: '966f051628332a4f4527c8eff1920087') in 0.002067 seconds
  Import took 0.003601 seconds .

========================================================================
Received Import Request.
  Time since last request: 0.000212 seconds.
  path: Assets/Plugins/Editor/ScriptInspector3/EditorResources/wavyUnderline.png
  artifactKey: Guid(89d2aadceb9841f40bb916fb4597ca19) Importer(815301076,1909f56bfc062723c751e8b465ee728b)
Start importing Assets/Plugins/Editor/ScriptInspector3/EditorResources/wavyUnderline.png using Guid(89d2aadceb9841f40bb916fb4597ca19) Importer(815301076,1909f56bfc062723c751e8b465ee728b)  -> (artifact id: '8788ca9bed673d9e367de89bed1c074d') in 0.002395 seconds
  Import took 0.003993 seconds .

========================================================================
Received Import Request.
  Time since last request: 0.000226 seconds.
  path: Assets/Plugins/Editor/ScriptInspector3/EditorResources/downArrow.png
  artifactKey: Guid(a1275c027c9f6024fa268925fd9dd991) Importer(815301076,1909f56bfc062723c751e8b465ee728b)
Start importing Assets/Plugins/Editor/ScriptInspector3/EditorResources/downArrow.png using Guid(a1275c027c9f6024fa268925fd9dd991) Importer(815301076,1909f56bfc062723c751e8b465ee728b)  -> (artifact id: 'b9730cb6221448e47458ae8767af5715') in 0.003521 seconds
  Import took 0.005061 seconds .

========================================================================
Received Import Request.
  Time since last request: 0.000223 seconds.
  path: Assets/Plugins/Editor/ScriptInspector3/EditorResources/inactiveListItem.png
  artifactKey: Guid(b26a447d84a14c54cb68165e7af266bf) Importer(815301076,1909f56bfc062723c751e8b465ee728b)
Start importing Assets/Plugins/Editor/ScriptInspector3/EditorResources/inactiveListItem.png using Guid(b26a447d84a14c54cb68165e7af266bf) Importer(815301076,1909f56bfc062723c751e8b465ee728b)  -> (artifact id: '8ff677b95c41db67c3a79e151834bd92') in 0.002195 seconds
  Import took 0.003668 seconds .

========================================================================
Received Import Request.
  Time since last request: 0.000214 seconds.
  path: Assets/Plugins/Editor/ScriptInspector3/EditorResources/d_upArrow.png
  artifactKey: Guid(a6c83fd9019e4c74986d1435bfadecca) Importer(815301076,1909f56bfc062723c751e8b465ee728b)
Start importing Assets/Plugins/Editor/ScriptInspector3/EditorResources/d_upArrow.png using Guid(a6c83fd9019e4c74986d1435bfadecca) Importer(815301076,1909f56bfc062723c751e8b465ee728b)  -> (artifact id: '3532e37bfbf5277e9199afb0fe35b609') in 0.004002 seconds
  Import took 0.005455 seconds .

========================================================================
Received Import Request.
  Time since last request: 0.000184 seconds.
  path: Assets/Plugins/Editor/ScriptInspector3/EditorResources/editRedoIconBW.png
  artifactKey: Guid(8f2d9154b93bab247b8c771dd646f28c) Importer(815301076,1909f56bfc062723c751e8b465ee728b)
Start importing Assets/Plugins/Editor/ScriptInspector3/EditorResources/editRedoIconBW.png using Guid(8f2d9154b93bab247b8c771dd646f28c) Importer(815301076,1909f56bfc062723c751e8b465ee728b)  -> (artifact id: 'e57d0eb5cf06605001b01b254bf297e3') in 0.003164 seconds
  Import took 0.004869 seconds .

========================================================================
Received Import Request.
  Time since last request: 0.000214 seconds.
  path: Assets/Plugins/Editor/ScriptInspector3/EditorResources/upArrowOff.png
  artifactKey: Guid(e808fc1ddccf30d41babb4b247d0319b) Importer(815301076,1909f56bfc062723c751e8b465ee728b)
Start importing Assets/Plugins/Editor/ScriptInspector3/EditorResources/upArrowOff.png using Guid(e808fc1ddccf30d41babb4b247d0319b) Importer(815301076,1909f56bfc062723c751e8b465ee728b)  -> (artifact id: '2f4cccab3999ffd0711bf613414548cc') in 0.002020 seconds
  Import took 0.003503 seconds .

========================================================================
Received Import Request.
  Time since last request: 0.000213 seconds.
  path: Assets/Plugins/Editor/ScriptInspector3/EditorResources/d_upArrowOff.png
  artifactKey: Guid(35cc97dc8b73fbc499c2f5cfa2e7fc22) Importer(815301076,1909f56bfc062723c751e8b465ee728b)
Start importing Assets/Plugins/Editor/ScriptInspector3/EditorResources/d_upArrowOff.png using Guid(35cc97dc8b73fbc499c2f5cfa2e7fc22) Importer(815301076,1909f56bfc062723c751e8b465ee728b)  -> (artifact id: '38cdd3825d00878431753142728703e6') in 0.002844 seconds
  Import took 0.004394 seconds .

========================================================================
Received Import Request.
  Time since last request: 0.000191 seconds.
  path: Assets/Plugins/Editor/ScriptInspector3/EditorResources/d_downArrowOff.png
  artifactKey: Guid(346874195904ef44c9ba76705bfc1a56) Importer(815301076,1909f56bfc062723c751e8b465ee728b)
Start importing Assets/Plugins/Editor/ScriptInspector3/EditorResources/d_downArrowOff.png using Guid(346874195904ef44c9ba76705bfc1a56) Importer(815301076,1909f56bfc062723c751e8b465ee728b)  -> (artifact id: '922149fd3b14a609806a46e5efd89c61') in 0.002398 seconds
  Import took 0.004029 seconds .

========================================================================
Received Import Request.
  Time since last request: 0.000168 seconds.
  path: Assets/Plugins/Editor/ScriptInspector3/EditorResources/editUndoIconBW.png
  artifactKey: Guid(6d63960d155a42c43ae507235623c466) Importer(815301076,1909f56bfc062723c751e8b465ee728b)
Start importing Assets/Plugins/Editor/ScriptInspector3/EditorResources/editUndoIconBW.png using Guid(6d63960d155a42c43ae507235623c466) Importer(815301076,1909f56bfc062723c751e8b465ee728b)  -> (artifact id: '3aedb093007353280ac5b355fca2345c') in 0.003402 seconds
  Import took 0.004901 seconds .

========================================================================
Received Import Request.
  Time since last request: 0.000213 seconds.
  path: Assets/Plugins/Editor/ScriptInspector3/EditorResources/yellowPing.png
  artifactKey: Guid(609423a1aa92e2948ab90fe67b7f55e9) Importer(815301076,1909f56bfc062723c751e8b465ee728b)
Start importing Assets/Plugins/Editor/ScriptInspector3/EditorResources/yellowPing.png using Guid(609423a1aa92e2948ab90fe67b7f55e9) Importer(815301076,1909f56bfc062723c751e8b465ee728b)  -> (artifact id: 'ff819bbf59ed309e0a6f659016805a2a') in 0.002619 seconds
  Import took 0.004042 seconds .

========================================================================
Received Import Request.
  Time since last request: 0.000218 seconds.
  path: Assets/Plugins/Editor/ScriptInspector3/EditorResources/popOutIconBW.png
  artifactKey: Guid(6308593b6dee5b44f90a440008a628bb) Importer(815301076,1909f56bfc062723c751e8b465ee728b)
Start importing Assets/Plugins/Editor/ScriptInspector3/EditorResources/popOutIconBW.png using Guid(6308593b6dee5b44f90a440008a628bb) Importer(815301076,1909f56bfc062723c751e8b465ee728b)  -> (artifact id: '61e3f365de6a3fac95024f9304bc18b0') in 0.002476 seconds
  Import took 0.004082 seconds .

========================================================================
Received Import Request.
  Time since last request: 0.000218 seconds.
  path: Assets/Plugins/Editor/ScriptInspector3/EditorResources/d_wrench.png
  artifactKey: Guid(43b515ca983511c4ab63b7334ea14b2b) Importer(815301076,1909f56bfc062723c751e8b465ee728b)
Start importing Assets/Plugins/Editor/ScriptInspector3/EditorResources/d_wrench.png using Guid(43b515ca983511c4ab63b7334ea14b2b) Importer(815301076,1909f56bfc062723c751e8b465ee728b)  -> (artifact id: '602c5ee357f1cd8ab07f38ad52389010') in 0.002704 seconds
  Import took 0.004386 seconds .

========================================================================
Received Import Request.
  Time since last request: 0.000149 seconds.
  path: Assets/Plugins/Editor/ScriptInspector3/EditorResources/hyperlinksIconBW.png
  artifactKey: Guid(e94f88d02a095ce449a5d040551f0765) Importer(815301076,1909f56bfc062723c751e8b465ee728b)
Start importing Assets/Plugins/Editor/ScriptInspector3/EditorResources/hyperlinksIconBW.png using Guid(e94f88d02a095ce449a5d040551f0765) Importer(815301076,1909f56bfc062723c751e8b465ee728b)  -> (artifact id: '8bf91a10e698b9bc9063f9868e19de9e') in 0.002354 seconds
  Import took 0.003916 seconds .

========================================================================
Received Import Request.
  Time since last request: 0.000220 seconds.
  path: Assets/Plugins/Editor/ScriptInspector3/EditorResources/d_downArrow.png
  artifactKey: Guid(a69a37e3b6d80c64580bf27dfbd7d3d4) Importer(815301076,1909f56bfc062723c751e8b465ee728b)
Start importing Assets/Plugins/Editor/ScriptInspector3/EditorResources/d_downArrow.png using Guid(a69a37e3b6d80c64580bf27dfbd7d3d4) Importer(815301076,1909f56bfc062723c751e8b465ee728b)  -> (artifact id: 'b0f273bc74b6b3f8d1462153910882fe') in 0.002887 seconds
  Import took 0.004335 seconds .

========================================================================
Received Import Request.
  Time since last request: 0.000212 seconds.
  path: Assets/Plugins/Editor/ScriptInspector3/EditorResources/upArrow.png
  artifactKey: Guid(f85d2f5393fcf1f43bea5fc61f005aa8) Importer(815301076,1909f56bfc062723c751e8b465ee728b)
Start importing Assets/Plugins/Editor/ScriptInspector3/EditorResources/upArrow.png using Guid(f85d2f5393fcf1f43bea5fc61f005aa8) Importer(815301076,1909f56bfc062723c751e8b465ee728b)  -> (artifact id: '7074dfe2e0ef272250517abe726b36de') in 0.002218 seconds
  Import took 0.003734 seconds .

========================================================================
Received Import Request.
  Time since last request: 6.410417 seconds.
  path: Assets/Plugins/Editor/ScriptInspector3/Scripts/CsGrammar.cs
  artifactKey: Guid(9b88e62ce5513c64a89fda1be3e623ac) Importer(815301076,1909f56bfc062723c751e8b465ee728b)
Start importing Assets/Plugins/Editor/ScriptInspector3/Scripts/CsGrammar.cs using Guid(9b88e62ce5513c64a89fda1be3e623ac) Importer(815301076,1909f56bfc062723c751e8b465ee728b)  -> (artifact id: '259dcdb606c834f34f7331380b642637') in 0.000809 seconds
  Import took 0.002915 seconds .

========================================================================
Received Import Request.
  Time since last request: 0.010937 seconds.
  path: Assets/Plugins/Editor/ScriptInspector3/Scripts/CsGrammar.cs
  artifactKey: Guid(9b88e62ce5513c64a89fda1be3e623ac) Importer(815301076,1909f56bfc062723c751e8b465ee728b)
Start importing Assets/Plugins/Editor/ScriptInspector3/Scripts/CsGrammar.cs using Guid(9b88e62ce5513c64a89fda1be3e623ac) Importer(815301076,1909f56bfc062723c751e8b465ee728b)  -> (artifact id: '259dcdb606c834f34f7331380b642637') in 0.000564 seconds
  Import took 0.002089 seconds .

========================================================================
Received Import Request.
  Time since last request: 231.682460 seconds.
  path: Assets/Plugins/Editor/ScriptInspector3/Scripts/CsGrammar.cs
  artifactKey: Guid(9b88e62ce5513c64a89fda1be3e623ac) Importer(815301076,1909f56bfc062723c751e8b465ee728b)
Start importing Assets/Plugins/Editor/ScriptInspector3/Scripts/CsGrammar.cs using Guid(9b88e62ce5513c64a89fda1be3e623ac) Importer(815301076,1909f56bfc062723c751e8b465ee728b)  -> (artifact id: '5b13bcfddabe48f9fefc5c4b3cefbb6e') in 0.000965 seconds
  Import took 0.002620 seconds .

========================================================================
Received Import Request.
  Time since last request: 23.992249 seconds.
  path: Assets/Plugins/Editor/ScriptInspector3/Scripts/CsGrammar.cs
  artifactKey: Guid(9b88e62ce5513c64a89fda1be3e623ac) Importer(815301076,1909f56bfc062723c751e8b465ee728b)
Start importing Assets/Plugins/Editor/ScriptInspector3/Scripts/CsGrammar.cs using Guid(9b88e62ce5513c64a89fda1be3e623ac) Importer(815301076,1909f56bfc062723c751e8b465ee728b)  -> (artifact id: '810daf0f3fbdc4deeb3e953204b1148c') in 0.000911 seconds
  Import took 0.002766 seconds .

========================================================================
Received Import Request.
  Time since last request: 29.856637 seconds.
  path: Assets/Plugins/Editor/ScriptInspector3/Si3 Extensions
  artifactKey: Guid(420ce82edc7b92641abc5c8592127220) Importer(815301076,1909f56bfc062723c751e8b465ee728b)
Start importing Assets/Plugins/Editor/ScriptInspector3/Si3 Extensions using Guid(420ce82edc7b92641abc5c8592127220) Importer(815301076,1909f56bfc062723c751e8b465ee728b)  -> (artifact id: '887961e9e6824e0437727a0436c03da4') in 0.000633 seconds
  Import took 0.002266 seconds .

========================================================================
Received Import Request.
  Time since last request: 1.064568 seconds.
  path: Assets/Plugins/Editor/ScriptInspector3/Scripts
  artifactKey: Guid(7afeaa28642cbb44e8aa5a46f4e7b5a9) Importer(815301076,1909f56bfc062723c751e8b465ee728b)
Start importing Assets/Plugins/Editor/ScriptInspector3/Scripts using Guid(7afeaa28642cbb44e8aa5a46f4e7b5a9) Importer(815301076,1909f56bfc062723c751e8b465ee728b)  -> (artifact id: '806b9ea728320f336eaa762ec221f853') in 0.000894 seconds
  Import took 0.003340 seconds .

========================================================================
Received Import Request.
  Time since last request: 2.502584 seconds.
  path: Assets/Plugins/Editor/ScriptInspector3/Scripts/AboutScriptInspector.cs
  artifactKey: Guid(358a5d3dc830ea1498defbeefb248b13) Importer(815301076,1909f56bfc062723c751e8b465ee728b)
Start importing Assets/Plugins/Editor/ScriptInspector3/Scripts/AboutScriptInspector.cs using Guid(358a5d3dc830ea1498defbeefb248b13) Importer(815301076,1909f56bfc062723c751e8b465ee728b)  -> (artifact id: '5e1c7c9ac74c9265a312732d11013c4d') in 0.000881 seconds
  Import took 0.003256 seconds .

========================================================================
Received Import Request.
  Time since last request: 0.001329 seconds.
  path: Assets/Plugins/Editor/ScriptInspector3/Scripts/AboutScriptInspector.cs
  artifactKey: Guid(358a5d3dc830ea1498defbeefb248b13) Importer(815301076,1909f56bfc062723c751e8b465ee728b)
Start importing Assets/Plugins/Editor/ScriptInspector3/Scripts/AboutScriptInspector.cs using Guid(358a5d3dc830ea1498defbeefb248b13) Importer(815301076,1909f56bfc062723c751e8b465ee728b)  -> (artifact id: '5e1c7c9ac74c9265a312732d11013c4d') in 0.000732 seconds
  Import took 0.002613 seconds .

========================================================================
Received Import Request.
  Time since last request: 0.170486 seconds.
  path: Assets/Plugins/Editor/ScriptInspector3/Scripts/BooParser.cs
  artifactKey: Guid(f513bc543879a254b8c05c6aeaa949aa) Importer(815301076,1909f56bfc062723c751e8b465ee728b)
Start importing Assets/Plugins/Editor/ScriptInspector3/Scripts/BooParser.cs using Guid(f513bc543879a254b8c05c6aeaa949aa) Importer(815301076,1909f56bfc062723c751e8b465ee728b)  -> (artifact id: 'fb78b62f641b279638e0a681b9eadce7') in 0.000566 seconds
  Import took 0.002183 seconds .

========================================================================
Received Import Request.
  Time since last request: 0.000857 seconds.
  path: Assets/Plugins/Editor/ScriptInspector3/Scripts/BooParser.cs
  artifactKey: Guid(f513bc543879a254b8c05c6aeaa949aa) Importer(815301076,1909f56bfc062723c751e8b465ee728b)
Start importing Assets/Plugins/Editor/ScriptInspector3/Scripts/BooParser.cs using Guid(f513bc543879a254b8c05c6aeaa949aa) Importer(815301076,1909f56bfc062723c751e8b465ee728b)  -> (artifact id: 'fb78b62f641b279638e0a681b9eadce7') in 0.000538 seconds
  Import took 0.001946 seconds .

========================================================================
Received Import Request.
  Time since last request: 28.781356 seconds.
  path: Assets/Plugins/Editor/ScriptInspector3/Scripts/FGCodeWindow.cs
  artifactKey: Guid(233c5be4b3c6a2f42af54a964d938960) Importer(815301076,1909f56bfc062723c751e8b465ee728b)
Start importing Assets/Plugins/Editor/ScriptInspector3/Scripts/FGCodeWindow.cs using Guid(233c5be4b3c6a2f42af54a964d938960) Importer(815301076,1909f56bfc062723c751e8b465ee728b)  -> (artifact id: '77aa0f6e5bad6dc7dcc0ab98ff0d39f8') in 0.000562 seconds
  Import took 0.002129 seconds .

========================================================================
Received Import Request.
  Time since last request: 0.001074 seconds.
  path: Assets/Plugins/Editor/ScriptInspector3/Scripts/FGCodeWindow.cs
  artifactKey: Guid(233c5be4b3c6a2f42af54a964d938960) Importer(815301076,1909f56bfc062723c751e8b465ee728b)
Start importing Assets/Plugins/Editor/ScriptInspector3/Scripts/FGCodeWindow.cs using Guid(233c5be4b3c6a2f42af54a964d938960) Importer(815301076,1909f56bfc062723c751e8b465ee728b)  -> (artifact id: '77aa0f6e5bad6dc7dcc0ab98ff0d39f8') in 0.000597 seconds
  Import took 0.002299 seconds .

========================================================================
Received Import Request.
  Time since last request: 2.461340 seconds.
  path: Assets/Plugins/Editor/ScriptInspector3/Scripts/FGConsole.cs
  artifactKey: Guid(45294caac1977dd4c92766360eb688c5) Importer(815301076,1909f56bfc062723c751e8b465ee728b)
Start importing Assets/Plugins/Editor/ScriptInspector3/Scripts/FGConsole.cs using Guid(45294caac1977dd4c92766360eb688c5) Importer(815301076,1909f56bfc062723c751e8b465ee728b)  -> (artifact id: 'b0cebfe4ce28468b993957be8aed8617') in 0.000556 seconds
  Import took 0.002163 seconds .

========================================================================
Received Import Request.
  Time since last request: 0.001358 seconds.
  path: Assets/Plugins/Editor/ScriptInspector3/Scripts/FGConsole.cs
  artifactKey: Guid(45294caac1977dd4c92766360eb688c5) Importer(815301076,1909f56bfc062723c751e8b465ee728b)
Start importing Assets/Plugins/Editor/ScriptInspector3/Scripts/FGConsole.cs using Guid(45294caac1977dd4c92766360eb688c5) Importer(815301076,1909f56bfc062723c751e8b465ee728b)  -> (artifact id: 'b0cebfe4ce28468b993957be8aed8617') in 0.000541 seconds
  Import took 0.001984 seconds .

========================================================================
Received Import Request.
  Time since last request: 0.780609 seconds.
  path: Assets/Plugins/Editor/ScriptInspector3/Scripts/FGDefaultAssetInspector.cs
  artifactKey: Guid(d37e86439f654584e85e882a09c3f9fc) Importer(815301076,1909f56bfc062723c751e8b465ee728b)
Start importing Assets/Plugins/Editor/ScriptInspector3/Scripts/FGDefaultAssetInspector.cs using Guid(d37e86439f654584e85e882a09c3f9fc) Importer(815301076,1909f56bfc062723c751e8b465ee728b)  -> (artifact id: '086b7f5093340186e33aca619581e57b') in 0.000641 seconds
  Import took 0.002508 seconds .

========================================================================
Received Import Request.
  Time since last request: 0.000593 seconds.
  path: Assets/Plugins/Editor/ScriptInspector3/Scripts/FGDefaultAssetInspector.cs
  artifactKey: Guid(d37e86439f654584e85e882a09c3f9fc) Importer(815301076,1909f56bfc062723c751e8b465ee728b)
Start importing Assets/Plugins/Editor/ScriptInspector3/Scripts/FGDefaultAssetInspector.cs using Guid(d37e86439f654584e85e882a09c3f9fc) Importer(815301076,1909f56bfc062723c751e8b465ee728b)  -> (artifact id: '086b7f5093340186e33aca619581e57b') in 0.000527 seconds
  Import took 0.001858 seconds .

========================================================================
Received Import Request.
  Time since last request: 0.212481 seconds.
  path: Assets/Plugins/Editor/ScriptInspector3/Scripts/FGFindInFiles.cs
  artifactKey: Guid(b4b52524f89520f43a3a9ddb82bc92bb) Importer(815301076,1909f56bfc062723c751e8b465ee728b)
Start importing Assets/Plugins/Editor/ScriptInspector3/Scripts/FGFindInFiles.cs using Guid(b4b52524f89520f43a3a9ddb82bc92bb) Importer(815301076,1909f56bfc062723c751e8b465ee728b)  -> (artifact id: '598ab3713ad53b149977b98272fc1e2c') in 0.000595 seconds
  Import took 0.002302 seconds .

========================================================================
Received Import Request.
  Time since last request: 0.000676 seconds.
  path: Assets/Plugins/Editor/ScriptInspector3/Scripts/FGFindInFiles.cs
  artifactKey: Guid(b4b52524f89520f43a3a9ddb82bc92bb) Importer(815301076,1909f56bfc062723c751e8b465ee728b)
Start importing Assets/Plugins/Editor/ScriptInspector3/Scripts/FGFindInFiles.cs using Guid(b4b52524f89520f43a3a9ddb82bc92bb) Importer(815301076,1909f56bfc062723c751e8b465ee728b)  -> (artifact id: '598ab3713ad53b149977b98272fc1e2c') in 0.000513 seconds
  Import took 0.001879 seconds .

========================================================================
Received Import Request.
  Time since last request: 9.187047 seconds.
  path: Assets/Plugins/Editor/ScriptInspector3/Scripts/FGGrammar.cs
  artifactKey: Guid(5aeda7c9a26b8914d8ccd075adbcf611) Importer(815301076,1909f56bfc062723c751e8b465ee728b)
Start importing Assets/Plugins/Editor/ScriptInspector3/Scripts/FGGrammar.cs using Guid(5aeda7c9a26b8914d8ccd075adbcf611) Importer(815301076,1909f56bfc062723c751e8b465ee728b)  -> (artifact id: 'e91913f30d32d9ef8adf93aa5f5a5632') in 0.000555 seconds
  Import took 0.002332 seconds .

========================================================================
Received Import Request.
  Time since last request: 0.000658 seconds.
  path: Assets/Plugins/Editor/ScriptInspector3/Scripts/FGGrammar.cs
  artifactKey: Guid(5aeda7c9a26b8914d8ccd075adbcf611) Importer(815301076,1909f56bfc062723c751e8b465ee728b)
Start importing Assets/Plugins/Editor/ScriptInspector3/Scripts/FGGrammar.cs using Guid(5aeda7c9a26b8914d8ccd075adbcf611) Importer(815301076,1909f56bfc062723c751e8b465ee728b)  -> (artifact id: 'e91913f30d32d9ef8adf93aa5f5a5632') in 0.000513 seconds
  Import took 0.001842 seconds .

========================================================================
Received Import Request.
  Time since last request: 39.380484 seconds.
  path: Assets/Plugins/Editor/ScriptInspector3/Scripts/GoToLineWindow.cs
  artifactKey: Guid(668bf502b176e444995a64c943539705) Importer(815301076,1909f56bfc062723c751e8b465ee728b)
Start importing Assets/Plugins/Editor/ScriptInspector3/Scripts/GoToLineWindow.cs using Guid(668bf502b176e444995a64c943539705) Importer(815301076,1909f56bfc062723c751e8b465ee728b)  -> (artifact id: '6263e1af18b07c5b66befd980bc53216') in 0.000567 seconds
  Import took 0.002183 seconds .

========================================================================
Received Import Request.
  Time since last request: 0.001133 seconds.
  path: Assets/Plugins/Editor/ScriptInspector3/Scripts/GoToLineWindow.cs
  artifactKey: Guid(668bf502b176e444995a64c943539705) Importer(815301076,1909f56bfc062723c751e8b465ee728b)
Start importing Assets/Plugins/Editor/ScriptInspector3/Scripts/GoToLineWindow.cs using Guid(668bf502b176e444995a64c943539705) Importer(815301076,1909f56bfc062723c751e8b465ee728b)  -> (artifact id: '6263e1af18b07c5b66befd980bc53216') in 0.000524 seconds
  Import took 0.002048 seconds .

========================================================================
Received Import Request.
  Time since last request: 1.977321 seconds.
  path: Assets/Plugins/Editor/ScriptInspector3/Scripts/JsParser.cs
  artifactKey: Guid(09a60f37435a1ca4b8e7e465f038a9d2) Importer(815301076,1909f56bfc062723c751e8b465ee728b)
Start importing Assets/Plugins/Editor/ScriptInspector3/Scripts/JsParser.cs using Guid(09a60f37435a1ca4b8e7e465f038a9d2) Importer(815301076,1909f56bfc062723c751e8b465ee728b)  -> (artifact id: '12dbd5ffd9c3442230d66a307d03c9ed') in 0.000558 seconds
  Import took 0.002135 seconds .

========================================================================
Received Import Request.
  Time since last request: 0.000701 seconds.
  path: Assets/Plugins/Editor/ScriptInspector3/Scripts/JsParser.cs
  artifactKey: Guid(09a60f37435a1ca4b8e7e465f038a9d2) Importer(815301076,1909f56bfc062723c751e8b465ee728b)
Start importing Assets/Plugins/Editor/ScriptInspector3/Scripts/JsParser.cs using Guid(09a60f37435a1ca4b8e7e465f038a9d2) Importer(815301076,1909f56bfc062723c751e8b465ee728b)  -> (artifact id: '12dbd5ffd9c3442230d66a307d03c9ed') in 0.000559 seconds
  Import took 0.001872 seconds .

========================================================================
Received Import Request.
  Time since last request: 1.449381 seconds.
  path: Assets/Plugins/Editor/ScriptInspector3/Scripts/ScriptInspector.cs
  artifactKey: Guid(2cb98c67584cde547a15f4f2b2780299) Importer(815301076,1909f56bfc062723c751e8b465ee728b)
Start importing Assets/Plugins/Editor/ScriptInspector3/Scripts/ScriptInspector.cs using Guid(2cb98c67584cde547a15f4f2b2780299) Importer(815301076,1909f56bfc062723c751e8b465ee728b)  -> (artifact id: '704da675399a806d74a593460cd67653') in 0.000538 seconds
  Import took 0.002138 seconds .

========================================================================
Received Import Request.
  Time since last request: 0.001374 seconds.
  path: Assets/Plugins/Editor/ScriptInspector3/Scripts/ScriptInspector.cs
  artifactKey: Guid(2cb98c67584cde547a15f4f2b2780299) Importer(815301076,1909f56bfc062723c751e8b465ee728b)
Start importing Assets/Plugins/Editor/ScriptInspector3/Scripts/ScriptInspector.cs using Guid(2cb98c67584cde547a15f4f2b2780299) Importer(815301076,1909f56bfc062723c751e8b465ee728b)  -> (artifact id: '704da675399a806d74a593460cd67653') in 0.000825 seconds
  Import took 0.002934 seconds .

========================================================================
Received Prepare
Registering precompiled user dll's ...
Registered in 0.000448 seconds.
Begin MonoManager ReloadAssembly
Native extension for LinuxStandalone target not found
Refreshing native plugins compatible for Editor in 0.25 ms, found 0 plugins.
Preloading 0 native plugins for Editor in 0.00 ms.
Invoked RoslynAnalysisRunner static constructor.
RoslynAnalysisRunner will not be running.
RoslynAnalysisRunner has terminated.
Mono: successfully reloaded assembly
- Completed reload, in  0.786 seconds
Platform modules already initialized, skipping
Refreshing native plugins compatible for Editor in 0.32 ms, found 0 plugins.
Preloading 0 native plugins for Editor in 0.00 ms.
Unloading 1216 Unused Serialized files (Serialized files now loaded: 0)
System memory in use before: 60.3 MB.
System memory in use after: 60.4 MB.

Unloading 5 unused Assets to reduce memory usage. Loaded Objects now: 1704.
Total: 2.097829 ms (FindLiveObjects: 0.174911 ms CreateObjectMapping: 0.037817 ms MarkObjects: 1.827496 ms  DeleteObjects: 0.056170 ms)

========================================================================
Received Prepare
Registering precompiled user dll's ...
Registered in 0.000681 seconds.
Begin MonoManager ReloadAssembly
Native extension for LinuxStandalone target not found
Refreshing native plugins compatible for Editor in 0.41 ms, found 0 plugins.
Preloading 0 native plugins for Editor in 0.00 ms.
Invoked RoslynAnalysisRunner static constructor.
RoslynAnalysisRunner will not be running.
RoslynAnalysisRunner has terminated.
Mono: successfully reloaded assembly
- Completed reload, in  0.845 seconds
Platform modules already initialized, skipping
Refreshing native plugins compatible for Editor in 0.27 ms, found 0 plugins.
Preloading 0 native plugins for Editor in 0.00 ms.
Unloading 1216 Unused Serialized files (Serialized files now loaded: 0)
System memory in use before: 60.3 MB.
System memory in use after: 60.4 MB.

Unloading 5 unused Assets to reduce memory usage. Loaded Objects now: 1706.
Total: 2.436403 ms (FindLiveObjects: 0.263168 ms CreateObjectMapping: 0.103824 ms MarkObjects: 2.000494 ms  DeleteObjects: 0.067718 ms)

========================================================================
Received Prepare
Registering precompiled user dll's ...
Registered in 0.000431 seconds.
Begin MonoManager ReloadAssembly
Native extension for LinuxStandalone target not found
Refreshing native plugins compatible for Editor in 0.28 ms, found 0 plugins.
Preloading 0 native plugins for Editor in 0.00 ms.
Invoked RoslynAnalysisRunner static constructor.
RoslynAnalysisRunner will not be running.
RoslynAnalysisRunner has terminated.
Mono: successfully reloaded assembly
- Completed reload, in  0.759 seconds
Platform modules already initialized, skipping
Refreshing native plugins compatible for Editor in 0.24 ms, found 0 plugins.
Preloading 0 native plugins for Editor in 0.00 ms.
Unloading 1216 Unused Serialized files (Serialized files now loaded: 0)
System memory in use before: 60.3 MB.
System memory in use after: 60.4 MB.

Unloading 5 unused Assets to reduce memory usage. Loaded Objects now: 1708.
Total: 2.097103 ms (FindLiveObjects: 0.141249 ms CreateObjectMapping: 0.031735 ms MarkObjects: 1.840586 ms  DeleteObjects: 0.069896 ms)

========================================================================
Received Prepare
Registering precompiled user dll's ...
Registered in 0.000472 seconds.
Begin MonoManager ReloadAssembly
Native extension for LinuxStandalone target not found
Refreshing native plugins compatible for Editor in 0.33 ms, found 0 plugins.
Preloading 0 native plugins for Editor in 0.00 ms.
Invoked RoslynAnalysisRunner static constructor.
RoslynAnalysisRunner will not be running.
RoslynAnalysisRunner has terminated.
Mono: successfully reloaded assembly
- Completed reload, in  0.865 seconds
Platform modules already initialized, skipping
Refreshing native plugins compatible for Editor in 0.24 ms, found 0 plugins.
Preloading 0 native plugins for Editor in 0.00 ms.
Unloading 1216 Unused Serialized files (Serialized files now loaded: 0)
System memory in use before: 60.3 MB.
System memory in use after: 60.4 MB.

Unloading 5 unused Assets to reduce memory usage. Loaded Objects now: 1710.
Total: 2.661330 ms (FindLiveObjects: 0.443294 ms CreateObjectMapping: 0.131702 ms MarkObjects: 2.017741 ms  DeleteObjects: 0.067068 ms)

========================================================================
Received Import Request.
  Time since last request: 3112.669692 seconds.
  path: Assets/3. Game Manager/Utils
  artifactKey: Guid(93fd6057187d2f15f9fa205981f7fd1b) Importer(815301076,1909f56bfc062723c751e8b465ee728b)
Start importing Assets/3. Game Manager/Utils using Guid(93fd6057187d2f15f9fa205981f7fd1b) Importer(815301076,1909f56bfc062723c751e8b465ee728b)  -> (artifact id: '428b43437619557245085afe8b2d87d6') in 0.003316 seconds
  Import took 0.005188 seconds .

========================================================================
Received Import Request.
  Time since last request: 0.000647 seconds.
  path: Assets/3. Game Manager/Utils
  artifactKey: Guid(93fd6057187d2f15f9fa205981f7fd1b) Importer(815301076,1909f56bfc062723c751e8b465ee728b)
Start importing Assets/3. Game Manager/Utils using Guid(93fd6057187d2f15f9fa205981f7fd1b) Importer(815301076,1909f56bfc062723c751e8b465ee728b)  -> (artifact id: '428b43437619557245085afe8b2d87d6') in 0.000958 seconds
  Import took 0.002778 seconds .

========================================================================
Received Import Request.
  Time since last request: 14.485891 seconds.
  path: Assets/3. Game Manager/Utils/Singleton.cs
  artifactKey: Guid(0a78aed59f36a7147b3e7c865bae6bc4) Importer(815301076,1909f56bfc062723c751e8b465ee728b)
Start importing Assets/3. Game Manager/Utils/Singleton.cs using Guid(0a78aed59f36a7147b3e7c865bae6bc4) Importer(815301076,1909f56bfc062723c751e8b465ee728b)  -> (artifact id: '8bec36b15b602352682a16496b19d4ab') in 0.001104 seconds
  Import took 0.002834 seconds .

========================================================================
Received Import Request.
  Time since last request: 0.000506 seconds.
  path: Assets/3. Game Manager/Utils/Singleton.cs
  artifactKey: Guid(0a78aed59f36a7147b3e7c865bae6bc4) Importer(815301076,1909f56bfc062723c751e8b465ee728b)
Start importing Assets/3. Game Manager/Utils/Singleton.cs using Guid(0a78aed59f36a7147b3e7c865bae6bc4) Importer(815301076,1909f56bfc062723c751e8b465ee728b)  -> (artifact id: '8bec36b15b602352682a16496b19d4ab') in 0.001160 seconds
  Import took 0.002877 seconds .

========================================================================
Received Prepare
Registering precompiled user dll's ...
Registered in 0.000624 seconds.
Begin MonoManager ReloadAssembly
Native extension for LinuxStandalone target not found
Refreshing native plugins compatible for Editor in 0.24 ms, found 0 plugins.
Preloading 0 native plugins for Editor in 0.00 ms.
Invoked RoslynAnalysisRunner static constructor.
RoslynAnalysisRunner will not be running.
RoslynAnalysisRunner has terminated.
Mono: successfully reloaded assembly
- Completed reload, in  0.788 seconds
Platform modules already initialized, skipping
Refreshing native plugins compatible for Editor in 0.25 ms, found 0 plugins.
Preloading 0 native plugins for Editor in 0.00 ms.
Unloading 1217 Unused Serialized files (Serialized files now loaded: 0)
System memory in use before: 60.4 MB.
System memory in use after: 60.4 MB.

Unloading 5 unused Assets to reduce memory usage. Loaded Objects now: 1713.
Total: 2.569898 ms (FindLiveObjects: 0.150432 ms CreateObjectMapping: 0.032152 ms MarkObjects: 2.312775 ms  DeleteObjects: 0.073216 ms)

========================================================================
Received Import Request.
  Time since last request: 398.733300 seconds.
  path: Assets/3. Game Manager/Utils/Singleton.cs
  artifactKey: Guid(0a78aed59f36a7147b3e7c865bae6bc4) Importer(815301076,1909f56bfc062723c751e8b465ee728b)
Start importing Assets/3. Game Manager/Utils/Singleton.cs using Guid(0a78aed59f36a7147b3e7c865bae6bc4) Importer(815301076,1909f56bfc062723c751e8b465ee728b)  -> (artifact id: '22c97ec16bda112b4e6c97fd8362383f') in 0.002724 seconds
  Import took 0.004849 seconds .

========================================================================
Received Prepare
Registering precompiled user dll's ...
Registered in 0.000651 seconds.
Begin MonoManager ReloadAssembly
Native extension for LinuxStandalone target not found
Refreshing native plugins compatible for Editor in 0.24 ms, found 0 plugins.
Preloading 0 native plugins for Editor in 0.00 ms.
Invoked RoslynAnalysisRunner static constructor.
RoslynAnalysisRunner will not be running.
RoslynAnalysisRunner has terminated.
Mono: successfully reloaded assembly
- Completed reload, in  0.769 seconds
Platform modules already initialized, skipping
Refreshing native plugins compatible for Editor in 0.38 ms, found 0 plugins.
Preloading 0 native plugins for Editor in 0.00 ms.
Unloading 1217 Unused Serialized files (Serialized files now loaded: 0)
System memory in use before: 60.4 MB.
System memory in use after: 60.4 MB.

Unloading 5 unused Assets to reduce memory usage. Loaded Objects now: 1715.
Total: 2.326747 ms (FindLiveObjects: 0.151722 ms CreateObjectMapping: 0.035658 ms MarkObjects: 2.078221 ms  DeleteObjects: 0.059835 ms)

========================================================================
Received Import Request.
  Time since last request: 52.281355 seconds.
  path: Assets/3. Game Manager/Utils/Singleton.cs
  artifactKey: Guid(0a78aed59f36a7147b3e7c865bae6bc4) Importer(815301076,1909f56bfc062723c751e8b465ee728b)
Start importing Assets/3. Game Manager/Utils/Singleton.cs using Guid(0a78aed59f36a7147b3e7c865bae6bc4) Importer(815301076,1909f56bfc062723c751e8b465ee728b)  -> (artifact id: '7c152b3ea50290af5eee4cbf9a268522') in 0.002687 seconds
  Import took 0.004385 seconds .

========================================================================
Received Import Request.
  Time since last request: 0.002384 seconds.
  path: Assets/3. Game Manager/Utils/Singleton.cs
  artifactKey: Guid(0a78aed59f36a7147b3e7c865bae6bc4) Importer(815301076,1909f56bfc062723c751e8b465ee728b)
Start importing Assets/3. Game Manager/Utils/Singleton.cs using Guid(0a78aed59f36a7147b3e7c865bae6bc4) Importer(815301076,1909f56bfc062723c751e8b465ee728b)  -> (artifact id: '7c152b3ea50290af5eee4cbf9a268522') in 0.000845 seconds
  Import took 0.002706 seconds .

========================================================================
Received Prepare
Registering precompiled user dll's ...
Registered in 0.000645 seconds.
Begin MonoManager ReloadAssembly
Native extension for LinuxStandalone target not found
Refreshing native plugins compatible for Editor in 0.27 ms, found 0 plugins.
Preloading 0 native plugins for Editor in 0.00 ms.
Invoked RoslynAnalysisRunner static constructor.
RoslynAnalysisRunner will not be running.
RoslynAnalysisRunner has terminated.
Mono: successfully reloaded assembly
- Completed reload, in  0.768 seconds
Platform modules already initialized, skipping
Refreshing native plugins compatible for Editor in 0.24 ms, found 0 plugins.
Preloading 0 native plugins for Editor in 0.00 ms.
Unloading 1217 Unused Serialized files (Serialized files now loaded: 0)
System memory in use before: 60.4 MB.
System memory in use after: 60.4 MB.

Unloading 5 unused Assets to reduce memory usage. Loaded Objects now: 1717.
Total: 2.135728 ms (FindLiveObjects: 0.155997 ms CreateObjectMapping: 0.038931 ms MarkObjects: 1.880358 ms  DeleteObjects: 0.059303 ms)

========================================================================
Received Import Request.
  Time since last request: 106.689492 seconds.
  path: Assets/3. Game Manager/Utils/Singleton.cs
  artifactKey: Guid(0a78aed59f36a7147b3e7c865bae6bc4) Importer(815301076,1909f56bfc062723c751e8b465ee728b)
Start importing Assets/3. Game Manager/Utils/Singleton.cs using Guid(0a78aed59f36a7147b3e7c865bae6bc4) Importer(815301076,1909f56bfc062723c751e8b465ee728b)  -> (artifact id: '432051f09b78c497eb137c0b94abc5f0') in 0.002752 seconds
  Import took 0.004614 seconds .

========================================================================
Received Import Request.
  Time since last request: 0.002102 seconds.
  path: Assets/3. Game Manager/Utils/Singleton.cs
  artifactKey: Guid(0a78aed59f36a7147b3e7c865bae6bc4) Importer(815301076,1909f56bfc062723c751e8b465ee728b)
Start importing Assets/3. Game Manager/Utils/Singleton.cs using Guid(0a78aed59f36a7147b3e7c865bae6bc4) Importer(815301076,1909f56bfc062723c751e8b465ee728b)  -> (artifact id: '432051f09b78c497eb137c0b94abc5f0') in 0.000796 seconds
  Import took 0.002427 seconds .

========================================================================
Received Prepare
Registering precompiled user dll's ...
Registered in 0.000480 seconds.
Begin MonoManager ReloadAssembly
Native extension for LinuxStandalone target not found
Refreshing native plugins compatible for Editor in 0.24 ms, found 0 plugins.
Preloading 0 native plugins for Editor in 0.00 ms.
Invoked RoslynAnalysisRunner static constructor.
RoslynAnalysisRunner will not be running.
RoslynAnalysisRunner has terminated.
Mono: successfully reloaded assembly
- Completed reload, in  0.808 seconds
Platform modules already initialized, skipping
Refreshing native plugins compatible for Editor in 0.35 ms, found 0 plugins.
Preloading 0 native plugins for Editor in 0.00 ms.
Unloading 1217 Unused Serialized files (Serialized files now loaded: 0)
System memory in use before: 60.4 MB.
System memory in use after: 60.4 MB.

Unloading 5 unused Assets to reduce memory usage. Loaded Objects now: 1719.
Total: 2.158892 ms (FindLiveObjects: 0.157047 ms CreateObjectMapping: 0.036240 ms MarkObjects: 1.914326 ms  DeleteObjects: 0.049777 ms)

========================================================================
Received Prepare
Registering precompiled user dll's ...
Registered in 0.000400 seconds.
Begin MonoManager ReloadAssembly
Native extension for LinuxStandalone target not found
Refreshing native plugins compatible for Editor in 0.25 ms, found 0 plugins.
Preloading 0 native plugins for Editor in 0.00 ms.
Invoked RoslynAnalysisRunner static constructor.
RoslynAnalysisRunner will not be running.
RoslynAnalysisRunner has terminated.
Mono: successfully reloaded assembly
- Completed reload, in  0.776 seconds
Platform modules already initialized, skipping
Refreshing native plugins compatible for Editor in 0.24 ms, found 0 plugins.
Preloading 0 native plugins for Editor in 0.00 ms.
Unloading 1217 Unused Serialized files (Serialized files now loaded: 0)
System memory in use before: 60.4 MB.
System memory in use after: 60.4 MB.

Unloading 5 unused Assets to reduce memory usage. Loaded Objects now: 1721.
Total: 2.161444 ms (FindLiveObjects: 0.153393 ms CreateObjectMapping: 0.035538 ms MarkObjects: 1.908895 ms  DeleteObjects: 0.062057 ms)

========================================================================
Received Prepare
Registering precompiled user dll's ...
Registered in 0.000411 seconds.
Begin MonoManager ReloadAssembly
Native extension for LinuxStandalone target not found
Refreshing native plugins compatible for Editor in 0.30 ms, found 0 plugins.
Preloading 0 native plugins for Editor in 0.00 ms.
Invoked RoslynAnalysisRunner static constructor.
RoslynAnalysisRunner will not be running.
RoslynAnalysisRunner has terminated.
Mono: successfully reloaded assembly
- Completed reload, in  0.798 seconds
Platform modules already initialized, skipping
Refreshing native plugins compatible for Editor in 0.24 ms, found 0 plugins.
Preloading 0 native plugins for Editor in 0.00 ms.
Unloading 1217 Unused Serialized files (Serialized files now loaded: 0)
System memory in use before: 60.4 MB.
System memory in use after: 60.5 MB.

Unloading 5 unused Assets to reduce memory usage. Loaded Objects now: 1723.
Total: 2.068099 ms (FindLiveObjects: 0.154810 ms CreateObjectMapping: 0.029443 ms MarkObjects: 1.822754 ms  DeleteObjects: 0.059630 ms)

========================================================================
Received Import Request.
  Time since last request: 1148.985292 seconds.
  path: Assets/3. Game Manager/Utils/Singleton.cs
  artifactKey: Guid(0a78aed59f36a7147b3e7c865bae6bc4) Importer(815301076,1909f56bfc062723c751e8b465ee728b)
Start importing Assets/3. Game Manager/Utils/Singleton.cs using Guid(0a78aed59f36a7147b3e7c865bae6bc4) Importer(815301076,1909f56bfc062723c751e8b465ee728b)  -> (artifact id: '0a461e1eda7755734830ea3e2e6303cb') in 0.002707 seconds
  Import took 0.004454 seconds .

========================================================================
Received Import Request.
  Time since last request: 61.590674 seconds.
  path: Assets/3. Game Manager/Utils/Singleton.cs
  artifactKey: Guid(0a78aed59f36a7147b3e7c865bae6bc4) Importer(815301076,1909f56bfc062723c751e8b465ee728b)
Start importing Assets/3. Game Manager/Utils/Singleton.cs using Guid(0a78aed59f36a7147b3e7c865bae6bc4) Importer(815301076,1909f56bfc062723c751e8b465ee728b)  -> (artifact id: 'a813050835efa53e648791da115a3032') in 0.000817 seconds
  Import took 0.002446 seconds .

========================================================================
Received Import Request.
  Time since last request: 74.770853 seconds.
  path: Assets/3. Game Manager/Utils/Singleton.cs
  artifactKey: Guid(0a78aed59f36a7147b3e7c865bae6bc4) Importer(815301076,1909f56bfc062723c751e8b465ee728b)
Start importing Assets/3. Game Manager/Utils/Singleton.cs using Guid(0a78aed59f36a7147b3e7c865bae6bc4) Importer(815301076,1909f56bfc062723c751e8b465ee728b)  -> (artifact id: 'f23683fdf00c0f318f5034088b20564e') in 0.000976 seconds
  Import took 0.002625 seconds .

========================================================================
Received Import Request.
  Time since last request: 88.115915 seconds.
  path: Assets/3. Game Manager/Utils/Singleton.cs
  artifactKey: Guid(0a78aed59f36a7147b3e7c865bae6bc4) Importer(815301076,1909f56bfc062723c751e8b465ee728b)
Start importing Assets/3. Game Manager/Utils/Singleton.cs using Guid(0a78aed59f36a7147b3e7c865bae6bc4) Importer(815301076,1909f56bfc062723c751e8b465ee728b) ./Editor/Platform/Linux/TempStubs.cpp:PlatformImageForIconForExtension
./Editor/Platform/Linux/TempStubs.cpp:PlatformImageForIconForExtension
./Editor/Platform/Linux/TempStubs.cpp:PlatformImageForIconForExtension
./Editor/Platform/Linux/TempStubs.cpp:PlatformImageForIconForExtension
./Editor/Platform/Linux/TempStubs.cpp:PlatformImageForIconForExtension
./Editor/Platform/Linux/TempStubs.cpp:PlatformImageForIconForExtension
./Editor/Platform/Linux/TempStubs.cpp:PlatformImageForIconForExtension
./Editor/Platform/Linux/TempStubs.cpp:PlatformImageForIconForExtension
./Editor/Platform/Linux/TempStubs.cpp:PlatformImageForIconForExtension
./Editor/Platform/Linux/TempStubs.cpp:PlatformImageForIconForExtension
./Editor/Platform/Linux/TempStubs.cpp:PlatformImageForIconForExtension
./Editor/Platform/Linux/TempStubs.cpp:PlatformImageForIconForExtension
./Editor/Platform/Linux/TempStubs.cpp:PlatformImageForIconForExtension
./Editor/Platform/Linux/TempStubs.cpp:PlatformImageForIconForExtension
./Editor/Platform/Linux/TempStubs.cpp:PlatformImageForIconForExtension
./Editor/Platform/Linux/TempStubs.cpp:PlatformImageForIconForExtension
./Editor/Platform/Linux/TempStubs.cpp:PlatformImageForIconForExtension
./Editor/Platform/Linux/TempStubs.cpp:PlatformImageForIconForExtension
./Editor/Platform/Linux/TempStubs.cpp:PlatformImageForIconForExtension
./Editor/Platform/Linux/TempStubs.cpp:PlatformImageForIconForExtension
./Editor/Platform/Linux/TempStubs.cpp:PlatformImageForIconForExtension
./Editor/Platform/Linux/TempStubs.cpp:PlatformImageForIconForExtension
./Editor/Platform/Linux/TempStubs.cpp:PlatformImageForIconForExtension
./Editor/Platform/Linux/TempStubs.cpp:PlatformImageForIconForExtension
./Editor/Platform/Linux/TempStubs.cpp:PlatformImageForIconForExtension
./Editor/Platform/Linux/TempStubs.cpp:PlatformImageForIconForExtension
./Editor/Platform/Linux/TempStubs.cpp:PlatformImageForIconForExtension
./Editor/Platform/Linux/TempStubs.cpp:PlatformImageForIconForExtension
./Editor/Platform/Linux/TempStubs.cpp:PlatformImageForIconForExtension
./Editor/Platform/Linux/TempStubs.cpp:PlatformImageForIconForExtension
./Editor/Platform/Linux/TempStubs.cpp:PlatformImageForIconForExtension
./Editor/Platform/Linux/TempStubs.cpp:PlatformImageForIconForExtension
./Editor/Platform/Linux/TempStubs.cpp:PlatformImageForIconForExtension
./Editor/Platform/Linux/TempStubs.cpp:PlatformImageForIconForExtension
./Editor/Platform/Linux/TempStubs.cpp:PlatformImageForIconForExtension
./Editor/Platform/Linux/TempStubs.cpp:PlatformImageForIconForExtension
./Editor/Platform/Linux/TempStubs.cpp:PlatformImageForIconForExtension
./Editor/Platform/Linux/TempStubs.cpp:PlatformImageForIconForExtension
./Editor/Platform/Linux/TempStubs.cpp:PlatformImageForIconForExtension
./Editor/Platform/Linux/TempStubs.cpp:PlatformImageForIconForExtension
./Editor/Platform/Linux/TempStubs.cpp:PlatformImageForIconForExtension
./Editor/Platform/Linux/TempStubs.cpp:PlatformImageForIconForExtension
./Editor/Platform/Linux/TempStubs.cpp:PlatformImageForIconForExtension
./Editor/Platform/Linux/TempStubs.cpp:PlatformImageForIconForExtension
./Editor/Platform/Linux/TempStubs.cpp:PlatformImageForIconForExtension
./Editor/Platform/Linux/TempStubs.cpp:PlatformImageForIconForExtension
./Editor/Platform/Linux/TempStubs.cpp:PlatformImageForIconForExtension
./Editor/Platform/Linux/TempStubs.cpp:PlatformImageForIconForExtension
./Editor/Platform/Linux/TempStubs.cpp:PlatformImageForIconForExtension
./Editor/Platform/Linux/TempStubs.cpp:PlatformImageForIconForExtension
./Editor/Platform/Linux/TempStubs.cpp:PlatformImageForIconForExtension
./Editor/Platform/Linux/TempStubs.cpp:PlatformImageForIconForExtension
./Editor/Platform/Linux/TempStubs.cpp:PlatformImageForIconForExtension
./Editor/Platform/Linux/TempStubs.cpp:PlatformImageForIconForExtension
./Editor/Platform/Linux/TempStubs.cpp:PlatformImageForIconForExtension
./Editor/Platform/Linux/TempStubs.cpp:PlatformImageForIconForExtension
./Editor/Platform/Linux/TempStubs.cpp:PlatformImageForIconForExtension
./Editor/Platform/Linux/TempStubs.cpp:PlatformIma -> (artifact id: 'e104a3afc23d32bf7b07ab05373d2e4b') in 0.001438 seconds
  Import took 0.004016 seconds .

========================================================================
Received Prepare
Registering precompiled user dll's ...
Registered in 0.000386 seconds.
Begin MonoManager ReloadAssembly
Native extension for LinuxStandalone target not found
Refreshing native plugins compatible for Editor in 0.26 ms, found 0 plugins.
Preloading 0 native plugins for Editor in 0.00 ms.
Invoked RoslynAnalysisRunner static constructor.
RoslynAnalysisRunner will not be running.
RoslynAnalysisRunner has terminated.
Mono: successfully reloaded assembly
- Completed reload, in  0.760 seconds
Platform modules already initialized, skipping
Refreshing native plugins compatible for Editor in 0.27 ms, found 0 plugins.
Preloading 0 native plugins for Editor in 0.00 ms.
Unloading 1217 Unused Serialized files (Serialized files now loaded: 0)
System memory in use before: 60.4 MB.
System memory in use after: 60.5 MB.

Unloading 5 unused Assets to reduce memory usage. Loaded Objects now: 1725.
Total: 2.633198 ms (FindLiveObjects: 0.147875 ms CreateObjectMapping: 0.033563 ms MarkObjects: 2.366912 ms  DeleteObjects: 0.083386 ms)

========================================================================
Received Prepare
Registering precompiled user dll's ...
Registered in 0.000437 seconds.
Begin MonoManager ReloadAssembly
Native extension for LinuxStandalone target not found
Refreshing native plugins compatible for Editor in 0.25 ms, found 0 plugins.
Preloading 0 native plugins for Editor in 0.00 ms.
Invoked RoslynAnalysisRunner static constructor.
RoslynAnalysisRunner will not be running.
RoslynAnalysisRunner has terminated.
Mono: successfully reloaded assembly
- Completed reload, in  0.767 seconds
Platform modules already initialized, skipping
Refreshing native plugins compatible for Editor in 0.24 ms, found 0 plugins.
Preloading 0 native plugins for Editor in 0.00 ms.
Unloading 1217 Unused Serialized files (Serialized files now loaded: 0)
System memory in use before: 60.4 MB.
System memory in use after: 60.5 MB.

Unloading 5 unused Assets to reduce memory usage. Loaded Objects now: 1727.
Total: 2.266391 ms (FindLiveObjects: 0.152042 ms CreateObjectMapping: 0.032042 ms MarkObjects: 2.016759 ms  DeleteObjects: 0.064041 ms)

========================================================================
Received Prepare
Registering precompiled user dll's ...
Registered in 0.000646 seconds.
Begin MonoManager ReloadAssembly
Native extension for LinuxStandalone target not found
Refreshing native plugins compatible for Editor in 0.26 ms, found 0 plugins.
Preloading 0 native plugins for Editor in 0.00 ms.
Invoked RoslynAnalysisRunner static constructor.
RoslynAnalysisRunner will not be running.
RoslynAnalysisRunner has terminated.
Mono: successfully reloaded assembly
- Completed reload, in  0.831 seconds
Platform modules already initialized, skipping
Refreshing native plugins compatible for Editor in 0.24 ms, found 0 plugins.
Preloading 0 native plugins for Editor in 0.00 ms.
Unloading 1217 Unused Serialized files (Serialized files now loaded: 0)
System memory in use before: 60.4 MB.
System memory in use after: 60.5 MB.

Unloading 5 unused Assets to reduce memory usage. Loaded Objects now: 1729.
Total: 2.148576 ms (FindLiveObjects: 0.157372 ms CreateObjectMapping: 0.040714 ms MarkObjects: 1.900512 ms  DeleteObjects: 0.048513 ms)

